<?xml version="1.0" encoding="UTF-8"?>
<!-- Generated by org.testng.reporters.JUnitXMLReporter -->
<testsuite ignored="0" hostname="DESKTOP-7KFLQI9" failures="1" tests="9" name="Free CRM APP test cases" time="296.421" errors="0" timestamp="2021-05-08T17:01:05 IST">
  <testcase classname="com.applicationname.qa.testcases.LoginPageTest" name="loginpageTitleTest" time="0.188">
    <failure type="java.lang.AssertionError" message="expected [CRMPRO  - CRM software for customer relationship management, sales, and support.] but found [CRMPRO - CRM software for customer relationship management, sales, and support.]">
      <![CDATA[java.lang.AssertionError: expected [CRMPRO  - CRM software for customer relationship management, sales, and support.] but found [CRMPRO - CRM software for customer relationship management, sales, and support.]
at com.applicationname.qa.testcases.LoginPageTest.loginpageTitleTest(LoginPageTest.java:39)
at java.base/java.util.ArrayList.forEach(ArrayList.java:1511)
... Removed 33 stack frames]]>
    </failure>
  </testcase> <!-- loginpageTitleTest -->
  <testcase classname="com.applicationname.qa.testcases.LoginPageTest" name="crmlogoTest" time="0.32"/>
  <testcase classname="com.applicationname.qa.testcases.LoginPageTest" name="loginTest" time="17.53"/>
  <testcase classname="com.applicationname.qa.testcases.HomePageTest" name="verifyhomepageTitleTest" time="0.014"/>
  <testcase classname="com.applicationname.qa.testcases.HomePageTest" name="verifyuserNameTest" time="0.215"/>
  <testcase classname="com.applicationname.qa.testcases.HomePageTest" name="contactsLink" time="2.815"/>
  <testcase classname="com.applicationname.qa.testcases.ContactsPageTest" name="verifyConatctslabel" time="0.068"/>
  <testcase classname="com.applicationname.qa.testcases.ContactsPageTest" name="selectContactName" time="0.419"/>
  <testcase classname="com.applicationname.qa.testcases.ContactsPageTest" name="selectMultipleContactName" time="1.136"/>
</testsuite> <!-- Free CRM APP test cases -->
